<?xml version="1.0" encoding="UTF-8"?>
<!-- Generated by org.testng.reporters.JUnitReportReporter -->
<testsuite hostname="DESKTOP-0R482T9" failures="0" tests="2" name="com.google.openemrtest.LoginTest" time="11.395" errors="0" timestamp="2021-06-24T23:28:35 CDT" skipped="0">
  <testcase classname="com.google.openemrtest.LoginTest" name="validCredentialTest" time="5.043"/>
  <system-out/>
  <testcase classname="com.google.openemrtest.LoginTest" name="validCredentialTest" time="6.352"/>
  <system-out/>
</testsuite> <!-- com.google.openemrtest.LoginTest -->
