<?xml version="1.0" encoding="UTF-8"?>
<!-- Generated by org.testng.reporters.JUnitReportReporter -->
<testsuite hostname="DESKTOP-0R482T9" failures="0" tests="1" name="Testcasesemr.Login" time="9.916" errors="0" timestamp="2021-06-14T21:47:06 CDT" skipped="0">
  <testcase classname="Testcasesemr.Login" name="loginEmrPage" time="9.916"/>
  <system-out/>
</testsuite> <!-- Testcasesemr.Login -->
