<?xml version="1.0" encoding="UTF-8"?>
<!-- Generated by org.testng.reporters.JUnitReportReporter -->
<testsuite hostname="DESKTOP-0R482T9" failures="0" tests="2" name="com.google.openemrtest.AddpatientpageTest" time="61.548" errors="0" timestamp="2021-06-24T23:28:35 CDT" skipped="0">
  <testcase classname="com.google.openemrtest.AddpatientpageTest" name="AddpatientEmrpageTest" time="30.331"/>
  <system-out/>
  <testcase classname="com.google.openemrtest.AddpatientpageTest" name="AddpatientEmrpageTest" time="31.217"/>
  <system-out/>
</testsuite> <!-- com.google.openemrtest.AddpatientpageTest -->
