<?xml version="1.0" encoding="UTF-8"?>
<!-- Generated by org.testng.reporters.JUnitReportReporter -->
<testsuite hostname="DESKTOP-0R482T9" failures="0" tests="1" name="com.google.openemrtest.PatientFinderTest" time="6.379" errors="0" timestamp="2021-06-24T22:46:21 CDT" skipped="0">
  <testcase classname="com.google.openemrtest.PatientFinderTest" name="getPatientFinderHeader" time="6.379"/>
  <system-out/>
</testsuite> <!-- com.google.openemrtest.PatientFinderTest -->
