<?xml version="1.0" encoding="UTF-8"?>
<!-- Generated by org.testng.reporters.JUnitReportReporter -->
<testsuite hostname="DESKTOP-0R482T9" failures="0" tests="1" name="Testcasesemr.LoginTest" time="6.083" errors="0" timestamp="2021-06-17T22:48:34 CDT" skipped="0">
  <testcase classname="Testcasesemr.LoginTest" name="loginEmrPageTest" time="6.083"/>
  <system-out/>
</testsuite> <!-- Testcasesemr.LoginTest -->
